# Logfile created on 2014-01-07 17:11:22 -0800 by logger.rb/44203
I, [2014-01-07T17:11:22.954195 #48799]  INFO -- : 0:  rake (10.1.0) from /Users/brookr/.rbenv/versions/2.1.0/lib/ruby/gems/2.1.0/specifications/default/rake-10.1.0.gemspec
I, [2014-01-07T17:11:23.964517 #48799]  INFO -- : 0:  addressable (2.3.5) from /Users/brookr/.rbenv/versions/2.1.0/lib/ruby/gems/2.1.0/specifications/addressable-2.3.5.gemspec
I, [2014-01-07T17:11:24.805771 #48799]  INFO -- : 0:  mime-types (1.25) from /Users/brookr/.rbenv/versions/2.1.0/lib/ruby/gems/2.1.0/specifications/mime-types-1.25.gemspec
I, [2014-01-07T17:11:25.585576 #48799]  INFO -- : 0:  mini_portile (0.5.1) from /Users/brookr/.rbenv/versions/2.1.0/lib/ruby/gems/2.1.0/specifications/mini_portile-0.5.1.gemspec
I, [2014-01-07T17:13:04.617013 #48799]  INFO -- : 0:  nokogiri (1.6.0) from /Users/brookr/.rbenv/versions/2.1.0/lib/ruby/gems/2.1.0/specifications/nokogiri-1.6.0.gemspec
I, [2014-01-07T17:13:06.676989 #48799]  INFO -- : 0:  rack (1.5.2) from /Users/brookr/.rbenv/versions/2.1.0/lib/ruby/gems/2.1.0/specifications/rack-1.5.2.gemspec
I, [2014-01-07T17:13:08.043512 #48799]  INFO -- : 0:  rack-test (0.6.2) from /Users/brookr/.rbenv/versions/2.1.0/lib/ruby/gems/2.1.0/specifications/rack-test-0.6.2.gemspec
I, [2014-01-07T17:13:08.588493 #48799]  INFO -- : 0:  xpath (2.0.0) from /Users/brookr/.rbenv/versions/2.1.0/lib/ruby/gems/2.1.0/specifications/xpath-2.0.0.gemspec
I, [2014-01-07T17:13:10.380464 #48799]  INFO -- : 0:  capybara (2.1.0) from /Users/brookr/.rbenv/versions/2.1.0/lib/ruby/gems/2.1.0/specifications/capybara-2.1.0.gemspec
I, [2014-01-07T17:13:11.865665 #48799]  INFO -- : 0:  json (1.8.0) from /Users/brookr/.rbenv/versions/2.1.0/lib/ruby/gems/2.1.0/specifications/json-1.8.0.gemspec
I, [2014-01-07T17:13:43.128700 #48799]  INFO -- : 0:  capybara-webkit (1.0.0) from /Users/brookr/.rbenv/versions/2.1.0/lib/ruby/gems/2.1.0/specifications/capybara-webkit-1.0.0.gemspec
I, [2014-01-07T17:13:43.809086 #48799]  INFO -- : 0:  launchy (2.3.0) from /Users/brookr/.rbenv/versions/2.1.0/lib/ruby/gems/2.1.0/specifications/launchy-2.3.0.gemspec
I, [2014-01-07T17:13:43.809907 #48799]  INFO -- : 0:  bundler (1.5.1) from /Users/brookr/.rbenv/versions/2.1.0/lib/ruby/gems/2.1.0/specifications/bundler-1.5.1.gemspec
I, [2014-01-07T17:18:01.087133 #72870]  INFO -- : 0:  rake (10.1.0) from /Users/brookr/.rbenv/versions/2.1.0/lib/ruby/gems/2.1.0/specifications/default/rake-10.1.0.gemspec
I, [2014-01-07T17:18:01.087596 #72870]  INFO -- : 0:  addressable (2.3.5) from /Users/brookr/.rbenv/versions/2.1.0/lib/ruby/gems/2.1.0/specifications/addressable-2.3.5.gemspec
I, [2014-01-07T17:18:01.087908 #72870]  INFO -- : 0:  mime-types (1.25) from /Users/brookr/.rbenv/versions/2.1.0/lib/ruby/gems/2.1.0/specifications/mime-types-1.25.gemspec
I, [2014-01-07T17:18:01.088219 #72870]  INFO -- : 0:  mini_portile (0.5.1) from /Users/brookr/.rbenv/versions/2.1.0/lib/ruby/gems/2.1.0/specifications/mini_portile-0.5.1.gemspec
I, [2014-01-07T17:18:01.088537 #72870]  INFO -- : 0:  nokogiri (1.6.0) from /Users/brookr/.rbenv/versions/2.1.0/lib/ruby/gems/2.1.0/specifications/nokogiri-1.6.0.gemspec
I, [2014-01-07T17:18:01.088799 #72870]  INFO -- : 0:  rack (1.5.2) from /Users/brookr/.rbenv/versions/2.1.0/lib/ruby/gems/2.1.0/specifications/rack-1.5.2.gemspec
I, [2014-01-07T17:18:01.089084 #72870]  INFO -- : 0:  rack-test (0.6.2) from /Users/brookr/.rbenv/versions/2.1.0/lib/ruby/gems/2.1.0/specifications/rack-test-0.6.2.gemspec
I, [2014-01-07T17:18:01.089353 #72870]  INFO -- : 0:  xpath (2.0.0) from /Users/brookr/.rbenv/versions/2.1.0/lib/ruby/gems/2.1.0/specifications/xpath-2.0.0.gemspec
I, [2014-01-07T17:18:01.089665 #72870]  INFO -- : 0:  capybara (2.1.0) from /Users/brookr/.rbenv/versions/2.1.0/lib/ruby/gems/2.1.0/specifications/capybara-2.1.0.gemspec
I, [2014-01-07T17:18:01.090018 #72870]  INFO -- : 0:  json (1.8.0) from /Users/brookr/.rbenv/versions/2.1.0/lib/ruby/gems/2.1.0/specifications/json-1.8.0.gemspec
I, [2014-01-07T17:18:01.090306 #72870]  INFO -- : 0:  capybara-webkit (1.0.0) from /Users/brookr/.rbenv/versions/2.1.0/lib/ruby/gems/2.1.0/specifications/capybara-webkit-1.0.0.gemspec
I, [2014-01-07T17:18:01.090639 #72870]  INFO -- : 0:  launchy (2.3.0) from /Users/brookr/.rbenv/versions/2.1.0/lib/ruby/gems/2.1.0/specifications/launchy-2.3.0.gemspec
I, [2014-01-07T17:18:01.090881 #72870]  INFO -- : 0:  bundler (1.5.1) from /Users/brookr/.rbenv/versions/2.1.0/lib/ruby/gems/2.1.0/specifications/bundler-1.5.1.gemspec
I, [2014-01-07T17:18:26.991397 #73056]  INFO -- : 0:  rake (10.1.0) from /Users/brookr/.rbenv/versions/2.1.0/lib/ruby/gems/2.1.0/specifications/default/rake-10.1.0.gemspec
I, [2014-01-07T17:18:26.991845 #73056]  INFO -- : 0:  addressable (2.3.5) from /Users/brookr/.rbenv/versions/2.1.0/lib/ruby/gems/2.1.0/specifications/addressable-2.3.5.gemspec
I, [2014-01-07T17:18:26.992147 #73056]  INFO -- : 0:  mime-types (1.25) from /Users/brookr/.rbenv/versions/2.1.0/lib/ruby/gems/2.1.0/specifications/mime-types-1.25.gemspec
I, [2014-01-07T17:18:26.992427 #73056]  INFO -- : 0:  mini_portile (0.5.1) from /Users/brookr/.rbenv/versions/2.1.0/lib/ruby/gems/2.1.0/specifications/mini_portile-0.5.1.gemspec
I, [2014-01-07T17:18:26.992700 #73056]  INFO -- : 0:  nokogiri (1.6.0) from /Users/brookr/.rbenv/versions/2.1.0/lib/ruby/gems/2.1.0/specifications/nokogiri-1.6.0.gemspec
I, [2014-01-07T17:18:26.992956 #73056]  INFO -- : 0:  rack (1.5.2) from /Users/brookr/.rbenv/versions/2.1.0/lib/ruby/gems/2.1.0/specifications/rack-1.5.2.gemspec
I, [2014-01-07T17:18:26.993224 #73056]  INFO -- : 0:  rack-test (0.6.2) from /Users/brookr/.rbenv/versions/2.1.0/lib/ruby/gems/2.1.0/specifications/rack-test-0.6.2.gemspec
I, [2014-01-07T17:18:26.993475 #73056]  INFO -- : 0:  xpath (2.0.0) from /Users/brookr/.rbenv/versions/2.1.0/lib/ruby/gems/2.1.0/specifications/xpath-2.0.0.gemspec
I, [2014-01-07T17:18:26.993738 #73056]  INFO -- : 0:  capybara (2.1.0) from /Users/brookr/.rbenv/versions/2.1.0/lib/ruby/gems/2.1.0/specifications/capybara-2.1.0.gemspec
I, [2014-01-07T17:18:28.049775 #73056]  INFO -- : 0:  cliver (0.3.2) from /Users/brookr/.rbenv/versions/2.1.0/lib/ruby/gems/2.1.0/specifications/cliver-0.3.2.gemspec
I, [2014-01-07T17:18:28.050157 #73056]  INFO -- : 0:  launchy (2.3.0) from /Users/brookr/.rbenv/versions/2.1.0/lib/ruby/gems/2.1.0/specifications/launchy-2.3.0.gemspec
I, [2014-01-07T17:18:28.050444 #73056]  INFO -- : 0:  multi_json (1.8.2) from /Users/brookr/.rbenv/versions/2.1.0/lib/ruby/gems/2.1.0/specifications/multi_json-1.8.2.gemspec
I, [2014-01-07T17:18:28.789367 #73056]  INFO -- : 0:  websocket-driver (0.3.2) from /Users/brookr/.rbenv/versions/2.1.0/lib/ruby/gems/2.1.0/specifications/websocket-driver-0.3.2.gemspec
I, [2014-01-07T17:18:29.435808 #73056]  INFO -- : 0:  poltergeist (1.5.0) from /Users/brookr/.rbenv/versions/2.1.0/lib/ruby/gems/2.1.0/specifications/poltergeist-1.5.0.gemspec
I, [2014-01-07T17:18:29.436252 #73056]  INFO -- : 0:  bundler (1.5.1) from /Users/brookr/.rbenv/versions/2.1.0/lib/ruby/gems/2.1.0/specifications/bundler-1.5.1.gemspec
